<?xml version="1.0" encoding="UTF-8"?>
<!-- Generated by org.testng.reporters.JUnitReportReporter -->
<testsuite hostname="JOBY-PC" failures="0" tests="2" name="com.obsqura.test.CreateDeliveryBoyTest" time="36.465" errors="0" timestamp="2024-03-18T21:24:54 IST" skipped="0">
  <testcase classname="com.obsqura.test.CreateDeliveryBoyTest" name="createDeliveryBoy" time="19.240"/>
  <system-out/>
  <testcase classname="com.obsqura.test.CreateDeliveryBoyTest" name="createDeliveryBoy" time="17.225"/>
  <system-out/>
</testsuite> <!-- com.obsqura.test.CreateDeliveryBoyTest -->
