<?xml version="1.0" encoding="UTF-8"?>
<!-- Generated by org.testng.reporters.JUnitReportReporter -->
<testsuite hostname="JOBY-PC" failures="0" tests="1" name="com.obsqura.test.ExpenseRecordTest" time="22.354" errors="0" timestamp="2024-03-18T21:50:56 IST" skipped="0">
  <testcase classname="com.obsqura.test.ExpenseRecordTest" name="verifyUserIsAbleTocreateExpenseRecord" time="22.354"/>
  <system-out/>
</testsuite> <!-- com.obsqura.test.ExpenseRecordTest -->
