<?xml version="1.0" encoding="UTF-8"?>
<!-- Generated by org.testng.reporters.JUnitReportReporter -->
<testsuite hostname="JOBY-PC" failures="0" tests="1" name="com.obsqura.test.AdminTest" time="20.138" errors="0" timestamp="2024-03-18T21:24:54 IST" skipped="0">
  <testcase classname="com.obsqura.test.AdminTest" name="createAdmin" time="20.138"/>
  <system-out/>
</testsuite> <!-- com.obsqura.test.AdminTest -->
