<?xml version="1.0" encoding="UTF-8"?>
<!-- Generated by org.testng.reporters.JUnitReportReporter -->
<testsuite hostname="JOBY-PC" failures="0" tests="1" name="com.obsqura.test.CreateExpenseTest" time="24.328" errors="0" timestamp="2024-03-06T19:27:46 IST" skipped="0">
  <testcase classname="com.obsqura.test.CreateExpenseTest" name="anotherTest" time="24.328"/>
  <system-out/>
</testsuite> <!-- com.obsqura.test.CreateExpenseTest -->
