<?xml version="1.0" encoding="UTF-8"?>
<!-- Generated by org.testng.reporters.JUnitReportReporter -->
<testsuite hostname="JOBY-PC" failures="0" tests="1" name="com.obsqura.test.CreateNewsTest" time="14.478" errors="0" timestamp="2024-03-18T21:24:54 IST" skipped="0">
  <testcase classname="com.obsqura.test.CreateNewsTest" name="createNews" time="14.478"/>
  <system-out/>
</testsuite> <!-- com.obsqura.test.CreateNewsTest -->
